0 info it worked if it ends with ok
1 verbose cli [ 'D:\\Nodejs\\node.exe',
1 verbose cli   'D:\\Nodejs\\node_modules\\npm\\bin\\npm-cli.js',
1 verbose cli   'run',
1 verbose cli   'dev' ]
2 info using npm@3.10.3
3 info using node@v6.7.0
4 verbose run-script [ 'predev', 'dev', 'postdev' ]
5 info lifecycle webpack-example@1.0.0~predev: webpack-example@1.0.0
6 silly lifecycle webpack-example@1.0.0~predev: no script for predev, continuing
7 info lifecycle webpack-example@1.0.0~dev: webpack-example@1.0.0
8 verbose lifecycle webpack-example@1.0.0~dev: unsafe-perm in lifecycle true
9 verbose lifecycle webpack-example@1.0.0~dev: PATH: D:\Nodejs\node_modules\npm\bin\node-gyp-bin;E:\Xampp\htdocs\AMyProject\AReact\webpack\exam05\node_modules\.bin;D:\Nodejs;C:\Users\Administrator\bin;D:\Git\mingw64\bin;D:\Git\usr\local\bin;D:\Git\usr\bin;D:\Git\usr\bin;D:\Git\mingw64\bin;D:\Git\usr\bin;C:\Users\Administrator\bin;C:\WINDOWS\system32;C:\WINDOWS;C:\WINDOWS\System32\Wbem;C:\WINDOWS\System32\WindowsPowerShell\v1.0;D:\Git\usr\bin;D:\Git\mingw64\libexec\git-core;D:\TortoiseSVN\bin;D:\Nodejs;E:\Xampp\php\php.exe;C:\Ruby23-x64\bin;D:\Ruby22-x64\Ruby23-x64\bin;D:\Egret\Egret Wing 3\bin;C:\Users\Administrator\AppData\Roaming\npm;E:\Xampp\php\php.exe;%USERPROFILE%\AppData\Local\Microsoft\WindowsApps;D:\Git\usr\bin\vendor_perl;D:\Git\usr\bin\core_perl
10 verbose lifecycle webpack-example@1.0.0~dev: CWD: E:\Xampp\htdocs\AMyProject\AReact\webpack\exam05
11 silly lifecycle webpack-example@1.0.0~dev: Args: [ '/d /s /c',
11 silly lifecycle   'webpack-dev-server  --devtool eval --progress --colors' ]
12 silly lifecycle webpack-example@1.0.0~dev: Returned: code: 1  signal: null
13 info lifecycle webpack-example@1.0.0~dev: Failed to exec dev script
14 verbose stack Error: webpack-example@1.0.0 dev: `webpack-dev-server  --devtool eval --progress --colors`
14 verbose stack Exit status 1
14 verbose stack     at EventEmitter.<anonymous> (D:\Nodejs\node_modules\npm\lib\utils\lifecycle.js:242:16)
14 verbose stack     at emitTwo (events.js:106:13)
14 verbose stack     at EventEmitter.emit (events.js:191:7)
14 verbose stack     at ChildProcess.<anonymous> (D:\Nodejs\node_modules\npm\lib\utils\spawn.js:40:14)
14 verbose stack     at emitTwo (events.js:106:13)
14 verbose stack     at ChildProcess.emit (events.js:191:7)
14 verbose stack     at maybeClose (internal/child_process.js:877:16)
14 verbose stack     at Process.ChildProcess._handle.onexit (internal/child_process.js:226:5)
15 verbose pkgid webpack-example@1.0.0
16 verbose cwd E:\Xampp\htdocs\AMyProject\AReact\webpack\exam05
17 error Windows_NT 10.0.14393
18 error argv "D:\\Nodejs\\node.exe" "D:\\Nodejs\\node_modules\\npm\\bin\\npm-cli.js" "run" "dev"
19 error node v6.7.0
20 error npm  v3.10.3
21 error code ELIFECYCLE
22 error webpack-example@1.0.0 dev: `webpack-dev-server  --devtool eval --progress --colors`
22 error Exit status 1
23 error Failed at the webpack-example@1.0.0 dev script 'webpack-dev-server  --devtool eval --progress --colors'.
23 error Make sure you have the latest version of node.js and npm installed.
23 error If you do, this is most likely a problem with the webpack-example package,
23 error not with npm itself.
23 error Tell the author that this fails on your system:
23 error     webpack-dev-server  --devtool eval --progress --colors
23 error You can get information on how to open an issue for this project with:
23 error     npm bugs webpack-example
23 error Or if that isn't available, you can get their info via:
23 error     npm owner ls webpack-example
23 error There is likely additional logging output above.
24 verbose exit [ 1, true ]
